<?xml version="1.0" encoding="UTF-8" ?>
<testsuite failures="1" time="3.687" errors="0" skipped="0" tests="1" name="com.pa165.HeroTest">
  <properties>
[...]
</properties>
  <testcase time="2.805" classname="com.pa165.HeroTest" name="createOneHero">
    <failure message="The application must supply JDBC connections" type="java.lang.UnsupportedOperationException">java.lang.UnsupportedOperationException: The application must supply JDBC connections
	at org.hibernate.engine.jdbc.connections.internal.UserSuppliedConnectionProviderImpl.getConnection(UserSuppliedConnectionProviderImpl.java:61)
	at org.hibernate.internal.AbstractSessionImpl$NonContextualJdbcConnectionAccess.obtainConnection(AbstractSessionImpl.java:380)
	at org.hibernate.engine.jdbc.internal.LogicalConnectionImpl.obtainConnection(LogicalConnectionImpl.java:228)
	at org.hibernate.engine.jdbc.internal.LogicalConnectionImpl.getConnection(LogicalConnectionImpl.java:171)
	at org.hibernate.engine.transaction.internal.jdbc.JdbcTransaction.doBegin(JdbcTransaction.java:67)
	at org.hibernate.engine.transaction.spi.AbstractTransactionImpl.begin(AbstractTransactionImpl.java:162)
	at org.hibernate.internal.SessionImpl.beginTransaction(SessionImpl.java:1435)
	at org.hibernate.jpa.internal.TransactionImpl.begin(TransactionImpl.java:61)
	at com.pa165.ddtroops.daoimpl.HeroDAOImpl.createHero(HeroDAOImpl.java:30)
	at com.pa165.HeroTest.createOneHero(HeroTest.java:53)
</failure>
    <system-err>X 06, 2014 11:53:15 DOP. org.hibernate.ejb.HibernatePersistence logDeprecation
WARN: HHH015016: Encountered a deprecated javax.persistence.spi.PersistenceProvider [org.hibernate.ejb.HibernatePersistence]; use [org.hibernate.jpa.HibernatePersistenceProvider] instead.
X 06, 2014 11:53:15 DOP. org.hibernate.ejb.HibernatePersistence logDeprecation
WARN: HHH015016: Encountered a deprecated javax.persistence.spi.PersistenceProvider [org.hibernate.ejb.HibernatePersistence]; use [org.hibernate.jpa.HibernatePersistenceProvider] instead.
X 06, 2014 11:53:15 DOP. org.hibernate.ejb.HibernatePersistence logDeprecation
WARN: HHH015016: Encountered a deprecated javax.persistence.spi.PersistenceProvider [org.hibernate.ejb.HibernatePersistence]; use [org.hibernate.jpa.HibernatePersistenceProvider] instead.
X 06, 2014 11:53:15 DOP. org.hibernate.jpa.internal.util.LogHelper logPersistenceUnitInformation
INFO: HHH000204: Processing PersistenceUnitInfo [
	name: myUnit
	...]
X 06, 2014 11:53:16 DOP. org.hibernate.Version logVersion
INFO: HHH000412: Hibernate Core {4.3.5.Final}
X 06, 2014 11:53:16 DOP. org.hibernate.cfg.Environment &lt;clinit&gt;
INFO: HHH000206: hibernate.properties not found
X 06, 2014 11:53:16 DOP. org.hibernate.cfg.Environment buildBytecodeProvider
INFO: HHH000021: Bytecode provider name : javassist
X 06, 2014 11:53:16 DOP. org.hibernate.annotations.common.reflection.java.JavaReflectionManager &lt;clinit&gt;
INFO: HCANN000001: Hibernate Commons Annotations {4.0.4.Final}
X 06, 2014 11:53:16 DOP. org.hibernate.engine.jdbc.connections.internal.ConnectionProviderInitiator initiateService
WARN: HHH000181: No appropriate connection provider encountered, assuming application will be supplying connections
X 06, 2014 11:53:16 DOP. org.hibernate.dialect.Dialect &lt;init&gt;
INFO: HHH000400: Using dialect: org.hibernate.dialect.DerbyDialect
X 06, 2014 11:53:16 DOP. org.hibernate.dialect.DerbyDialect &lt;init&gt;
WARN: HHH000430: The DerbyDialect dialect has been deprecated; use one of the version-specific dialects instead
X 06, 2014 11:53:16 DOP. org.hibernate.dialect.DerbyDialect determineDriverVersion
WARN: HHH000328: Unable to load/access derby driver class sysinfo to check versions : org.apache.derby.tools.sysinfo
X 06, 2014 11:53:16 DOP. org.hibernate.engine.jdbc.internal.LobCreatorBuilder useContextualLobCreation
INFO: HHH000422: Disabling contextual LOB creation as connection was null
X 06, 2014 11:53:17 DOP. org.hibernate.hql.internal.ast.ASTQueryTranslatorFactory &lt;init&gt;
INFO: HHH000397: Using ASTQueryTranslatorFactory
X 06, 2014 11:53:18 DOP. org.hibernate.tool.hbm2ddl.SchemaExport execute
INFO: HHH000227: Running hbm2ddl schema export
X 06, 2014 11:53:18 DOP. org.hibernate.tool.hbm2ddl.SchemaExport execute
ERROR: HHH000231: Schema export unsuccessful
java.lang.UnsupportedOperationException: The application must supply JDBC connections
	at org.hibernate.engine.jdbc.connections.internal.UserSuppliedConnectionProviderImpl.getConnection(UserSuppliedConnectionProviderImpl.java:61)
	at org.hibernate.tool.hbm2ddl.SuppliedConnectionProviderConnectionHelper.prepare(SuppliedConnectionProviderConnectionHelper.java:51)
	at org.hibernate.tool.hbm2ddl.DatabaseExporter.&lt;init&gt;(DatabaseExporter.java:52)
	at org.hibernate.tool.hbm2ddl.SchemaExport.execute(SchemaExport.java:367)
	at org.hibernate.tool.hbm2ddl.SchemaExport.create(SchemaExport.java:304)
	at org.hibernate.tool.hbm2ddl.SchemaExport.create(SchemaExport.java:293)
	at org.hibernate.internal.SessionFactoryImpl.&lt;init&gt;(SessionFactoryImpl.java:517)
	at org.hibernate.cfg.Configuration.buildSessionFactory(Configuration.java:1857)
	at org.hibernate.jpa.boot.internal.EntityManagerFactoryBuilderImpl$4.perform(EntityManagerFactoryBuilderImpl.java:850)
	at org.hibernate.jpa.boot.internal.EntityManagerFactoryBuilderImpl$4.perform(EntityManagerFactoryBuilderImpl.java:843)
	at org.hibernate.boot.registry.classloading.internal.ClassLoaderServiceImpl.withTccl(ClassLoaderServiceImpl.java:397)
	at org.hibernate.jpa.boot.internal.EntityManagerFactoryBuilderImpl.build(EntityManagerFactoryBuilderImpl.java:842)
	at org.hibernate.jpa.HibernatePersistenceProvider.createEntityManagerFactory(HibernatePersistenceProvider.java:75)
	at org.hibernate.ejb.HibernatePersistence.createEntityManagerFactory(HibernatePersistence.java:54)
	at javax.persistence.Persistence.createEntityManagerFactory(Persistence.java:55)
	at javax.persistence.Persistence.createEntityManagerFactory(Persistence.java:39)
	at com.pa165.ddtroops.daoimpl.HeroDAOImpl.&lt;init&gt;(HeroDAOImpl.java:17)
	at com.pa165.HeroTest.createOneHero(HeroTest.java:52)
	at sun.reflect.NativeMethodAccessorImpl.invoke0(Native Method)
	at sun.reflect.NativeMethodAccessorImpl.invoke(NativeMethodAccessorImpl.java:57)
	at sun.reflect.DelegatingMethodAccessorImpl.invoke(DelegatingMethodAccessorImpl.java:43)
	at java.lang.reflect.Method.invoke(Method.java:606)
	at org.testng.internal.MethodInvocationHelper.invokeMethod(MethodInvocationHelper.java:84)
	at org.testng.internal.Invoker.invokeMethod(Invoker.java:714)
	at org.testng.internal.Invoker.invokeTestMethod(Invoker.java:901)
	at org.testng.internal.Invoker.invokeTestMethods(Invoker.java:1231)
	at org.testng.internal.TestMethodWorker.invokeTestMethods(TestMethodWorker.java:127)
	at org.testng.internal.TestMethodWorker.run(TestMethodWorker.java:111)
	at org.testng.TestRunner.privateRun(TestRunner.java:767)
	at org.testng.TestRunner.run(TestRunner.java:617)
	at org.testng.SuiteRunner.runTest(SuiteRunner.java:334)
	at org.testng.SuiteRunner.runSequentially(SuiteRunner.java:329)
	at org.testng.SuiteRunner.privateRun(SuiteRunner.java:291)
	at org.testng.SuiteRunner.run(SuiteRunner.java:240)
	at org.testng.SuiteRunnerWorker.runSuite(SuiteRunnerWorker.java:52)
	at org.testng.SuiteRunnerWorker.run(SuiteRunnerWorker.java:86)
	at org.testng.TestNG.runSuitesSequentially(TestNG.java:1224)
	at org.testng.TestNG.runSuitesLocally(TestNG.java:1149)
	at org.testng.TestNG.run(TestNG.java:1057)
	at org.apache.maven.surefire.testng.TestNGExecutor.run(TestNGExecutor.java:70)
	at org.apache.maven.surefire.testng.TestNGDirectoryTestSuite.execute(TestNGDirectoryTestSuite.java:109)
	at org.apache.maven.surefire.testng.TestNGProvider.invoke(TestNGProvider.java:111)
	at sun.reflect.NativeMethodAccessorImpl.invoke0(Native Method)
	at sun.reflect.NativeMethodAccessorImpl.invoke(NativeMethodAccessorImpl.java:57)
	at sun.reflect.DelegatingMethodAccessorImpl.invoke(DelegatingMethodAccessorImpl.java:43)
	at java.lang.reflect.Method.invoke(Method.java:606)
	at org.apache.maven.surefire.util.ReflectionUtils.invokeMethodWithArray(ReflectionUtils.java:164)
	at org.apache.maven.surefire.booter.ProviderFactory$ProviderProxy.invoke(ProviderFactory.java:110)
	at org.apache.maven.surefire.booter.SurefireStarter.invokeProvider(SurefireStarter.java:175)
	at org.apache.maven.surefire.booter.SurefireStarter.runSuitesInProcessWhenForked(SurefireStarter.java:107)
	at org.apache.maven.surefire.booter.ForkedBooter.main(ForkedBooter.java:68)

X 06, 2014 11:53:18 DOP. org.hibernate.tool.hbm2ddl.SchemaExport execute
INFO: HHH000230: Schema export complete
</system-err>
  </testcase>
</testsuite>