<?xml version="1.0" encoding="UTF-8"?>
<!-- Generated by org.testng.reporters.JUnitXMLReporter -->
<testsuite hostname="Jakub-PC" name="Command line test" tests="1" failures="1" timestamp="6 Oct 2014 09:53:18 GMT" time="2.841" errors="0">
  <testcase name="createOneHero" time="2.802" classname="com.pa165.HeroTest">
    <failure type="java.lang.UnsupportedOperationException" message="The application must supply JDBC connections">
      <![CDATA[java.lang.UnsupportedOperationException: The application must supply JDBC connections
	at org.hibernate.engine.jdbc.connections.internal.UserSuppliedConnectionProviderImpl.getConnection(UserSuppliedConnectionProviderImpl.java:61)
	at org.hibernate.internal.AbstractSessionImpl$NonContextualJdbcConnectionAccess.obtainConnection(AbstractSessionImpl.java:380)
	at org.hibernate.engine.jdbc.internal.LogicalConnectionImpl.obtainConnection(LogicalConnectionImpl.java:228)
	at org.hibernate.engine.jdbc.internal.LogicalConnectionImpl.getConnection(LogicalConnectionImpl.java:171)
	at org.hibernate.engine.transaction.internal.jdbc.JdbcTransaction.doBegin(JdbcTransaction.java:67)
	at org.hibernate.engine.transaction.spi.AbstractTransactionImpl.begin(AbstractTransactionImpl.java:162)
	at org.hibernate.internal.SessionImpl.beginTransaction(SessionImpl.java:1435)
	at org.hibernate.jpa.internal.TransactionImpl.begin(TransactionImpl.java:61)
	at com.pa165.ddtroops.daoimpl.HeroDAOImpl.createHero(HeroDAOImpl.java:30)
	at com.pa165.HeroTest.createOneHero(HeroTest.java:53)
... Removed 33 stack frames]]>
    </failure>
  </testcase> <!-- createOneHero -->
</testsuite> <!-- Command line test -->
